<?xml version="1.0" encoding="UTF-8"?>
<!-- Generated by org.testng.reporters.JUnitXMLReporter -->
<testsuite hostname="eday" ignored="0" name="Default test" tests="5" failures="0" timestamp="29 Oct 2017 20:47:43 GMT" time="41.57" errors="0">
  <testcase name="@AfterMethod ternDown" time="0.0" classname="com.online.testcases.RegistrationTestCase002">
    <failure type="org.openqa.selenium.WebDriverException" message="Failed to decode response from marionette
Build info: version: &amp;apos;3.6.0&amp;apos;, revision: &amp;apos;6fbf3ec767&amp;apos;, time: &amp;apos;2017-09-27T15:28:36.4Z&amp;apos;
System info: host: &amp;apos;EDAY&amp;apos;, ip: &amp;apos;169.254.23.93&amp;apos;, os.name: &amp;apos;Windows 7&amp;apos;, os.arch: &amp;apos;amd64&amp;apos;, os.version: &amp;apos;6.1&amp;apos;, java.version: &amp;apos;1.8.0_65&amp;apos;
Driver info: org.openqa.selenium.firefox.FirefoxDriver
Capabilities [{moz:profile=C:\Users\satya\AppData\Local\Temp\rust_mozprofile.lRKfW6Ge0bcr, rotatable=false, timeouts={implicit=0, pageLoad=300000, script=30000}, pageLoadStrategy=normal, moz:headless=false, platform=XP, specificationLevel=0, moz:accessibilityChecks=false, acceptInsecureCerts=true, browserVersion=56.0.2, platformVersion=6.1, moz:processID=8000, browserName=firefox, javascriptEnabled=true, platformName=XP}]
Session ID: e5416e92-134b-45e1-a07c-d7f69d2f5709">
      <![CDATA[org.openqa.selenium.WebDriverException: Failed to decode response from marionette
Build info: version: '3.6.0', revision: '6fbf3ec767', time: '2017-09-27T15:28:36.4Z'
System info: host: 'EDAY', ip: '169.254.23.93', os.name: 'Windows 7', os.arch: 'amd64', os.version: '6.1', java.version: '1.8.0_65'
Driver info: org.openqa.selenium.firefox.FirefoxDriver
Capabilities [{moz:profile=C:\Users\satya\AppData\Local\Temp\rust_mozprofile.lRKfW6Ge0bcr, rotatable=false, timeouts={implicit=0, pageLoad=300000, script=30000}, pageLoadStrategy=normal, moz:headless=false, platform=XP, specificationLevel=0, moz:accessibilityChecks=false, acceptInsecureCerts=true, browserVersion=56.0.2, platformVersion=6.1, moz:processID=8000, browserName=firefox, javascriptEnabled=true, platformName=XP}]
Session ID: e5416e92-134b-45e1-a07c-d7f69d2f5709
	at sun.reflect.NativeConstructorAccessorImpl.newInstance0(Native Method)
	at sun.reflect.NativeConstructorAccessorImpl.newInstance(NativeConstructorAccessorImpl.java:62)
	at sun.reflect.DelegatingConstructorAccessorImpl.newInstance(DelegatingConstructorAccessorImpl.java:45)
	at java.lang.reflect.Constructor.newInstance(Constructor.java:422)
	at org.openqa.selenium.remote.http.W3CHttpResponseCodec.createException(W3CHttpResponseCodec.java:185)
	at org.openqa.selenium.remote.http.W3CHttpResponseCodec.decode(W3CHttpResponseCodec.java:120)
	at org.openqa.selenium.remote.http.W3CHttpResponseCodec.decode(W3CHttpResponseCodec.java:49)
	at org.openqa.selenium.remote.HttpCommandExecutor.execute(HttpCommandExecutor.java:164)
	at org.openqa.selenium.remote.service.DriverCommandExecutor.execute(DriverCommandExecutor.java:83)
	at org.openqa.selenium.remote.RemoteWebDriver.execute(RemoteWebDriver.java:586)
	at org.openqa.selenium.remote.RemoteWebDriver.execute(RemoteWebDriver.java:643)
	at org.openqa.selenium.remote.RemoteWebDriver.quit(RemoteWebDriver.java:482)
	at com.online.testcases.RegistrationTestCase002.ternDown(RegistrationTestCase002.java:91)
	at sun.reflect.NativeMethodAccessorImpl.invoke0(Native Method)
	at sun.reflect.NativeMethodAccessorImpl.invoke(NativeMethodAccessorImpl.java:62)
	at sun.reflect.DelegatingMethodAccessorImpl.invoke(DelegatingMethodAccessorImpl.java:43)
	at java.lang.reflect.Method.invoke(Method.java:497)
	at org.testng.internal.MethodInvocationHelper.invokeMethod(MethodInvocationHelper.java:104)
	at org.testng.internal.Invoker.invokeConfigurationMethod(Invoker.java:515)
	at org.testng.internal.Invoker.invokeConfigurations(Invoker.java:217)
	at org.testng.internal.Invoker.invokeMethod(Invoker.java:712)
	at org.testng.internal.Invoker.invokeTestMethod(Invoker.java:851)
	at org.testng.internal.Invoker.invokeTestMethods(Invoker.java:1177)
	at org.testng.internal.TestMethodWorker.invokeTestMethods(TestMethodWorker.java:129)
	at org.testng.internal.TestMethodWorker.run(TestMethodWorker.java:112)
	at org.testng.TestRunner.privateRun(TestRunner.java:756)
	at org.testng.TestRunner.run(TestRunner.java:610)
	at org.testng.SuiteRunner.runTest(SuiteRunner.java:387)
	at org.testng.SuiteRunner.runSequentially(SuiteRunner.java:382)
	at org.testng.SuiteRunner.privateRun(SuiteRunner.java:340)
	at org.testng.SuiteRunner.run(SuiteRunner.java:289)
	at org.testng.SuiteRunnerWorker.runSuite(SuiteRunnerWorker.java:52)
	at org.testng.SuiteRunnerWorker.run(SuiteRunnerWorker.java:86)
	at org.testng.TestNG.runSuitesSequentially(TestNG.java:1293)
	at org.testng.TestNG.runSuitesLocally(TestNG.java:1218)
	at org.testng.TestNG.runSuites(TestNG.java:1133)
	at org.testng.TestNG.run(TestNG.java:1104)
	at org.testng.remote.AbstractRemoteTestNG.run(AbstractRemoteTestNG.java:114)
	at org.testng.remote.RemoteTestNG.initAndRun(RemoteTestNG.java:251)
	at org.testng.remote.RemoteTestNG.main(RemoteTestNG.java:77)
]]>
    </failure>
  </testcase> <!-- @AfterMethod ternDown -->
  <testcase name="@BeforeMethod setUP" time="0.0" classname="com.online.testcases.RegistrationTestCase002">
    <skipped/>
  </testcase> <!-- @BeforeMethod setUP -->
  <testcase name="@AfterMethod ternDown" time="0.0" classname="com.online.testcases.RegistrationTestCase002">
    <skipped/>
  </testcase> <!-- @AfterMethod ternDown -->
  <testcase name="@BeforeMethod setUP" time="0.0" classname="com.online.testcases.RegistrationTestCase002">
    <skipped/>
  </testcase> <!-- @BeforeMethod setUP -->
  <testcase name="@AfterMethod ternDown" time="0.0" classname="com.online.testcases.RegistrationTestCase002">
    <skipped/>
  </testcase> <!-- @AfterMethod ternDown -->
  <testcase name="@BeforeMethod setUP" time="0.0" classname="com.online.testcases.RegistrationTestCase002">
    <skipped/>
  </testcase> <!-- @BeforeMethod setUP -->
  <testcase name="@AfterMethod ternDown" time="0.0" classname="com.online.testcases.RegistrationTestCase002">
    <skipped/>
  </testcase> <!-- @AfterMethod ternDown -->
  <testcase name="@BeforeMethod setUP" time="0.0" classname="com.online.testcases.RegistrationTestCase002">
    <skipped/>
  </testcase> <!-- @BeforeMethod setUP -->
  <testcase name="@AfterMethod ternDown" time="0.0" classname="com.online.testcases.RegistrationTestCase002">
    <skipped/>
  </testcase> <!-- @AfterMethod ternDown -->
  <testcase name="Registration_Test" time="33.015" classname="com.online.testcases.RegistrationTestCase002"/>
  <testcase name="Registration_Test" time="0.001" classname="com.online.testcases.RegistrationTestCase002">
    <skipped/>
  </testcase> <!-- Registration_Test -->
  <testcase name="Registration_Test" time="0.0" classname="com.online.testcases.RegistrationTestCase002">
    <skipped/>
  </testcase> <!-- Registration_Test -->
  <testcase name="Registration_Test" time="0.001" classname="com.online.testcases.RegistrationTestCase002">
    <skipped/>
  </testcase> <!-- Registration_Test -->
  <testcase name="Registration_Test" time="0.0" classname="com.online.testcases.RegistrationTestCase002">
    <skipped/>
  </testcase> <!-- Registration_Test -->
</testsuite> <!-- Default test -->
